ERROR - 2026-04-20 10:27:21 --> mysqli_sql_exception: Table 'circuitbrilliance_db.web_cred_badges' doesn't exist in D:\xampp\htdocs\circuit\system\Database\MySQLi\Connection.php:312
Stack trace:
#0 D:\xampp\htdocs\circuit\system\Database\MySQLi\Connection.php(312): mysqli->query('SELECT `web_cre...', 0)
#1 D:\xampp\htdocs\circuit\system\Database\BaseConnection.php(734): CodeIgniter\Database\MySQLi\Connection->execute('SELECT `web_cre...')
#2 D:\xampp\htdocs\circuit\system\Database\BaseConnection.php(648): CodeIgniter\Database\BaseConnection->simpleQuery('SELECT `web_cre...')
#3 D:\xampp\htdocs\circuit\system\Database\BaseBuilder.php(1644): CodeIgniter\Database\BaseConnection->query('SELECT `web_cre...', Array, false)
#4 D:\xampp\htdocs\circuit\app\Controllers\Admin\MainPage.php(1403): CodeIgniter\Database\BaseBuilder->get()
#5 D:\xampp\htdocs\circuit\system\CodeIgniter.php(933): App\Controllers\Admin\MainPage->getCredBadges()
#6 D:\xampp\htdocs\circuit\system\CodeIgniter.php(509): CodeIgniter\CodeIgniter->runController(Object(App\Controllers\Admin\MainPage))
#7 D:\xampp\htdocs\circuit\system\CodeIgniter.php(355): CodeIgniter\CodeIgniter->handleRequest(NULL, Object(Config\Cache), false)
#8 D:\xampp\htdocs\circuit\system\Boot.php(325): CodeIgniter\CodeIgniter->run()
#9 D:\xampp\htdocs\circuit\system\Boot.php(67): CodeIgniter\Boot::runCodeIgniter(Object(CodeIgniter\CodeIgniter))
#10 D:\xampp\htdocs\circuit\index.php(56): CodeIgniter\Boot::bootWeb(Object(Config\Paths))
#11 {main}
CRITICAL - 2026-04-20 10:27:21 --> Error: Call to a member function getResultArray() on bool
[Method: POST, Route: circuit-manage/api/getCredBadges]
in APPPATH\Controllers\Admin\MainPage.php on line 1403.
 1 SYSTEMPATH\CodeIgniter.php(933): App\Controllers\Admin\MainPage->getCredBadges()
 2 SYSTEMPATH\CodeIgniter.php(509): CodeIgniter\CodeIgniter->runController(Object(App\Controllers\Admin\MainPage))
 3 SYSTEMPATH\CodeIgniter.php(355): CodeIgniter\CodeIgniter->handleRequest(null, Object(Config\Cache), false)
 4 SYSTEMPATH\Boot.php(325): CodeIgniter\CodeIgniter->run()
 5 SYSTEMPATH\Boot.php(67): CodeIgniter\Boot::runCodeIgniter(Object(CodeIgniter\CodeIgniter))
 6 FCPATH\index.php(56): CodeIgniter\Boot::bootWeb(Object(Config\Paths))
ERROR - 2026-04-20 10:27:35 --> mysqli_sql_exception: Table 'circuitbrilliance_db.web_cred_badges' doesn't exist in D:\xampp\htdocs\circuit\system\Database\MySQLi\Connection.php:312
Stack trace:
#0 D:\xampp\htdocs\circuit\system\Database\MySQLi\Connection.php(312): mysqli->query('SELECT `web_cre...', 0)
#1 D:\xampp\htdocs\circuit\system\Database\BaseConnection.php(734): CodeIgniter\Database\MySQLi\Connection->execute('SELECT `web_cre...')
#2 D:\xampp\htdocs\circuit\system\Database\BaseConnection.php(648): CodeIgniter\Database\BaseConnection->simpleQuery('SELECT `web_cre...')
#3 D:\xampp\htdocs\circuit\system\Database\BaseBuilder.php(1644): CodeIgniter\Database\BaseConnection->query('SELECT `web_cre...', Array, false)
#4 D:\xampp\htdocs\circuit\app\Controllers\Admin\MainPage.php(1403): CodeIgniter\Database\BaseBuilder->get()
#5 D:\xampp\htdocs\circuit\system\CodeIgniter.php(933): App\Controllers\Admin\MainPage->getCredBadges()
#6 D:\xampp\htdocs\circuit\system\CodeIgniter.php(509): CodeIgniter\CodeIgniter->runController(Object(App\Controllers\Admin\MainPage))
#7 D:\xampp\htdocs\circuit\system\CodeIgniter.php(355): CodeIgniter\CodeIgniter->handleRequest(NULL, Object(Config\Cache), false)
#8 D:\xampp\htdocs\circuit\system\Boot.php(325): CodeIgniter\CodeIgniter->run()
#9 D:\xampp\htdocs\circuit\system\Boot.php(67): CodeIgniter\Boot::runCodeIgniter(Object(CodeIgniter\CodeIgniter))
#10 D:\xampp\htdocs\circuit\index.php(56): CodeIgniter\Boot::bootWeb(Object(Config\Paths))
#11 {main}
CRITICAL - 2026-04-20 10:27:35 --> Error: Call to a member function getResultArray() on bool
[Method: POST, Route: circuit-manage/api/getCredBadges]
in APPPATH\Controllers\Admin\MainPage.php on line 1403.
 1 SYSTEMPATH\CodeIgniter.php(933): App\Controllers\Admin\MainPage->getCredBadges()
 2 SYSTEMPATH\CodeIgniter.php(509): CodeIgniter\CodeIgniter->runController(Object(App\Controllers\Admin\MainPage))
 3 SYSTEMPATH\CodeIgniter.php(355): CodeIgniter\CodeIgniter->handleRequest(null, Object(Config\Cache), false)
 4 SYSTEMPATH\Boot.php(325): CodeIgniter\CodeIgniter->run()
 5 SYSTEMPATH\Boot.php(67): CodeIgniter\Boot::runCodeIgniter(Object(CodeIgniter\CodeIgniter))
 6 FCPATH\index.php(56): CodeIgniter\Boot::bootWeb(Object(Config\Paths))
ERROR - 2026-04-20 10:33:43 --> mysqli_sql_exception: Table 'circuitbrilliance_db.web_cred_badges' doesn't exist in D:\xampp\htdocs\circuit\system\Database\MySQLi\Connection.php:312
Stack trace:
#0 D:\xampp\htdocs\circuit\system\Database\MySQLi\Connection.php(312): mysqli->query('SELECT `web_cre...', 0)
#1 D:\xampp\htdocs\circuit\system\Database\BaseConnection.php(734): CodeIgniter\Database\MySQLi\Connection->execute('SELECT `web_cre...')
#2 D:\xampp\htdocs\circuit\system\Database\BaseConnection.php(648): CodeIgniter\Database\BaseConnection->simpleQuery('SELECT `web_cre...')
#3 D:\xampp\htdocs\circuit\system\Database\BaseBuilder.php(1644): CodeIgniter\Database\BaseConnection->query('SELECT `web_cre...', Array, false)
#4 D:\xampp\htdocs\circuit\app\Controllers\Admin\MainPage.php(1403): CodeIgniter\Database\BaseBuilder->get()
#5 D:\xampp\htdocs\circuit\system\CodeIgniter.php(933): App\Controllers\Admin\MainPage->getCredBadges()
#6 D:\xampp\htdocs\circuit\system\CodeIgniter.php(509): CodeIgniter\CodeIgniter->runController(Object(App\Controllers\Admin\MainPage))
#7 D:\xampp\htdocs\circuit\system\CodeIgniter.php(355): CodeIgniter\CodeIgniter->handleRequest(NULL, Object(Config\Cache), false)
#8 D:\xampp\htdocs\circuit\system\Boot.php(325): CodeIgniter\CodeIgniter->run()
#9 D:\xampp\htdocs\circuit\system\Boot.php(67): CodeIgniter\Boot::runCodeIgniter(Object(CodeIgniter\CodeIgniter))
#10 D:\xampp\htdocs\circuit\index.php(56): CodeIgniter\Boot::bootWeb(Object(Config\Paths))
#11 {main}
CRITICAL - 2026-04-20 10:33:43 --> Error: Call to a member function getResultArray() on bool
[Method: POST, Route: circuit-manage/api/getCredBadges]
in APPPATH\Controllers\Admin\MainPage.php on line 1403.
 1 SYSTEMPATH\CodeIgniter.php(933): App\Controllers\Admin\MainPage->getCredBadges()
 2 SYSTEMPATH\CodeIgniter.php(509): CodeIgniter\CodeIgniter->runController(Object(App\Controllers\Admin\MainPage))
 3 SYSTEMPATH\CodeIgniter.php(355): CodeIgniter\CodeIgniter->handleRequest(null, Object(Config\Cache), false)
 4 SYSTEMPATH\Boot.php(325): CodeIgniter\CodeIgniter->run()
 5 SYSTEMPATH\Boot.php(67): CodeIgniter\Boot::runCodeIgniter(Object(CodeIgniter\CodeIgniter))
 6 FCPATH\index.php(56): CodeIgniter\Boot::bootWeb(Object(Config\Paths))
ERROR - 2026-04-20 10:33:52 --> mysqli_sql_exception: Table 'circuitbrilliance_db.web_cred_badges' doesn't exist in D:\xampp\htdocs\circuit\system\Database\MySQLi\Connection.php:312
Stack trace:
#0 D:\xampp\htdocs\circuit\system\Database\MySQLi\Connection.php(312): mysqli->query('SELECT `web_cre...', 0)
#1 D:\xampp\htdocs\circuit\system\Database\BaseConnection.php(734): CodeIgniter\Database\MySQLi\Connection->execute('SELECT `web_cre...')
#2 D:\xampp\htdocs\circuit\system\Database\BaseConnection.php(648): CodeIgniter\Database\BaseConnection->simpleQuery('SELECT `web_cre...')
#3 D:\xampp\htdocs\circuit\system\Database\BaseBuilder.php(1644): CodeIgniter\Database\BaseConnection->query('SELECT `web_cre...', Array, false)
#4 D:\xampp\htdocs\circuit\app\Controllers\Admin\MainPage.php(1403): CodeIgniter\Database\BaseBuilder->get()
#5 D:\xampp\htdocs\circuit\system\CodeIgniter.php(933): App\Controllers\Admin\MainPage->getCredBadges()
#6 D:\xampp\htdocs\circuit\system\CodeIgniter.php(509): CodeIgniter\CodeIgniter->runController(Object(App\Controllers\Admin\MainPage))
#7 D:\xampp\htdocs\circuit\system\CodeIgniter.php(355): CodeIgniter\CodeIgniter->handleRequest(NULL, Object(Config\Cache), false)
#8 D:\xampp\htdocs\circuit\system\Boot.php(325): CodeIgniter\CodeIgniter->run()
#9 D:\xampp\htdocs\circuit\system\Boot.php(67): CodeIgniter\Boot::runCodeIgniter(Object(CodeIgniter\CodeIgniter))
#10 D:\xampp\htdocs\circuit\index.php(56): CodeIgniter\Boot::bootWeb(Object(Config\Paths))
#11 {main}
CRITICAL - 2026-04-20 10:33:52 --> Error: Call to a member function getResultArray() on bool
[Method: POST, Route: circuit-manage/api/getCredBadges]
in APPPATH\Controllers\Admin\MainPage.php on line 1403.
 1 SYSTEMPATH\CodeIgniter.php(933): App\Controllers\Admin\MainPage->getCredBadges()
 2 SYSTEMPATH\CodeIgniter.php(509): CodeIgniter\CodeIgniter->runController(Object(App\Controllers\Admin\MainPage))
 3 SYSTEMPATH\CodeIgniter.php(355): CodeIgniter\CodeIgniter->handleRequest(null, Object(Config\Cache), false)
 4 SYSTEMPATH\Boot.php(325): CodeIgniter\CodeIgniter->run()
 5 SYSTEMPATH\Boot.php(67): CodeIgniter\Boot::runCodeIgniter(Object(CodeIgniter\CodeIgniter))
 6 FCPATH\index.php(56): CodeIgniter\Boot::bootWeb(Object(Config\Paths))
ERROR - 2026-04-20 10:37:38 --> mysqli_sql_exception: Table 'circuitbrilliance_db.web_cred_badges' doesn't exist in D:\xampp\htdocs\circuit\system\Database\MySQLi\Connection.php:312
Stack trace:
#0 D:\xampp\htdocs\circuit\system\Database\MySQLi\Connection.php(312): mysqli->query('SELECT `web_cre...', 0)
#1 D:\xampp\htdocs\circuit\system\Database\BaseConnection.php(734): CodeIgniter\Database\MySQLi\Connection->execute('SELECT `web_cre...')
#2 D:\xampp\htdocs\circuit\system\Database\BaseConnection.php(648): CodeIgniter\Database\BaseConnection->simpleQuery('SELECT `web_cre...')
#3 D:\xampp\htdocs\circuit\system\Database\BaseBuilder.php(1644): CodeIgniter\Database\BaseConnection->query('SELECT `web_cre...', Array, false)
#4 D:\xampp\htdocs\circuit\app\Controllers\Admin\MainPage.php(1403): CodeIgniter\Database\BaseBuilder->get()
#5 D:\xampp\htdocs\circuit\system\CodeIgniter.php(933): App\Controllers\Admin\MainPage->getCredBadges()
#6 D:\xampp\htdocs\circuit\system\CodeIgniter.php(509): CodeIgniter\CodeIgniter->runController(Object(App\Controllers\Admin\MainPage))
#7 D:\xampp\htdocs\circuit\system\CodeIgniter.php(355): CodeIgniter\CodeIgniter->handleRequest(NULL, Object(Config\Cache), false)
#8 D:\xampp\htdocs\circuit\system\Boot.php(325): CodeIgniter\CodeIgniter->run()
#9 D:\xampp\htdocs\circuit\system\Boot.php(67): CodeIgniter\Boot::runCodeIgniter(Object(CodeIgniter\CodeIgniter))
#10 D:\xampp\htdocs\circuit\index.php(56): CodeIgniter\Boot::bootWeb(Object(Config\Paths))
#11 {main}
CRITICAL - 2026-04-20 10:37:38 --> Error: Call to a member function getResultArray() on bool
[Method: POST, Route: circuit-manage/api/getCredBadges]
in APPPATH\Controllers\Admin\MainPage.php on line 1403.
 1 SYSTEMPATH\CodeIgniter.php(933): App\Controllers\Admin\MainPage->getCredBadges()
 2 SYSTEMPATH\CodeIgniter.php(509): CodeIgniter\CodeIgniter->runController(Object(App\Controllers\Admin\MainPage))
 3 SYSTEMPATH\CodeIgniter.php(355): CodeIgniter\CodeIgniter->handleRequest(null, Object(Config\Cache), false)
 4 SYSTEMPATH\Boot.php(325): CodeIgniter\CodeIgniter->run()
 5 SYSTEMPATH\Boot.php(67): CodeIgniter\Boot::runCodeIgniter(Object(CodeIgniter\CodeIgniter))
 6 FCPATH\index.php(56): CodeIgniter\Boot::bootWeb(Object(Config\Paths))
ERROR - 2026-04-20 10:37:47 --> mysqli_sql_exception: Table 'circuitbrilliance_db.web_cred_badges' doesn't exist in D:\xampp\htdocs\circuit\system\Database\MySQLi\Connection.php:312
Stack trace:
#0 D:\xampp\htdocs\circuit\system\Database\MySQLi\Connection.php(312): mysqli->query('SELECT `web_cre...', 0)
#1 D:\xampp\htdocs\circuit\system\Database\BaseConnection.php(734): CodeIgniter\Database\MySQLi\Connection->execute('SELECT `web_cre...')
#2 D:\xampp\htdocs\circuit\system\Database\BaseConnection.php(648): CodeIgniter\Database\BaseConnection->simpleQuery('SELECT `web_cre...')
#3 D:\xampp\htdocs\circuit\system\Database\BaseBuilder.php(1644): CodeIgniter\Database\BaseConnection->query('SELECT `web_cre...', Array, false)
#4 D:\xampp\htdocs\circuit\app\Controllers\Admin\MainPage.php(1403): CodeIgniter\Database\BaseBuilder->get()
#5 D:\xampp\htdocs\circuit\system\CodeIgniter.php(933): App\Controllers\Admin\MainPage->getCredBadges()
#6 D:\xampp\htdocs\circuit\system\CodeIgniter.php(509): CodeIgniter\CodeIgniter->runController(Object(App\Controllers\Admin\MainPage))
#7 D:\xampp\htdocs\circuit\system\CodeIgniter.php(355): CodeIgniter\CodeIgniter->handleRequest(NULL, Object(Config\Cache), false)
#8 D:\xampp\htdocs\circuit\system\Boot.php(325): CodeIgniter\CodeIgniter->run()
#9 D:\xampp\htdocs\circuit\system\Boot.php(67): CodeIgniter\Boot::runCodeIgniter(Object(CodeIgniter\CodeIgniter))
#10 D:\xampp\htdocs\circuit\index.php(56): CodeIgniter\Boot::bootWeb(Object(Config\Paths))
#11 {main}
CRITICAL - 2026-04-20 10:37:47 --> Error: Call to a member function getResultArray() on bool
[Method: POST, Route: circuit-manage/api/getCredBadges]
in APPPATH\Controllers\Admin\MainPage.php on line 1403.
 1 SYSTEMPATH\CodeIgniter.php(933): App\Controllers\Admin\MainPage->getCredBadges()
 2 SYSTEMPATH\CodeIgniter.php(509): CodeIgniter\CodeIgniter->runController(Object(App\Controllers\Admin\MainPage))
 3 SYSTEMPATH\CodeIgniter.php(355): CodeIgniter\CodeIgniter->handleRequest(null, Object(Config\Cache), false)
 4 SYSTEMPATH\Boot.php(325): CodeIgniter\CodeIgniter->run()
 5 SYSTEMPATH\Boot.php(67): CodeIgniter\Boot::runCodeIgniter(Object(CodeIgniter\CodeIgniter))
 6 FCPATH\index.php(56): CodeIgniter\Boot::bootWeb(Object(Config\Paths))
ERROR - 2026-04-20 10:37:50 --> mysqli_sql_exception: Table 'circuitbrilliance_db.web_cred_badges' doesn't exist in D:\xampp\htdocs\circuit\system\Database\MySQLi\Connection.php:312
Stack trace:
#0 D:\xampp\htdocs\circuit\system\Database\MySQLi\Connection.php(312): mysqli->query('SELECT `web_cre...', 0)
#1 D:\xampp\htdocs\circuit\system\Database\BaseConnection.php(734): CodeIgniter\Database\MySQLi\Connection->execute('SELECT `web_cre...')
#2 D:\xampp\htdocs\circuit\system\Database\BaseConnection.php(648): CodeIgniter\Database\BaseConnection->simpleQuery('SELECT `web_cre...')
#3 D:\xampp\htdocs\circuit\system\Database\BaseBuilder.php(1644): CodeIgniter\Database\BaseConnection->query('SELECT `web_cre...', Array, false)
#4 D:\xampp\htdocs\circuit\app\Controllers\Admin\MainPage.php(1403): CodeIgniter\Database\BaseBuilder->get()
#5 D:\xampp\htdocs\circuit\system\CodeIgniter.php(933): App\Controllers\Admin\MainPage->getCredBadges()
#6 D:\xampp\htdocs\circuit\system\CodeIgniter.php(509): CodeIgniter\CodeIgniter->runController(Object(App\Controllers\Admin\MainPage))
#7 D:\xampp\htdocs\circuit\system\CodeIgniter.php(355): CodeIgniter\CodeIgniter->handleRequest(NULL, Object(Config\Cache), false)
#8 D:\xampp\htdocs\circuit\system\Boot.php(325): CodeIgniter\CodeIgniter->run()
#9 D:\xampp\htdocs\circuit\system\Boot.php(67): CodeIgniter\Boot::runCodeIgniter(Object(CodeIgniter\CodeIgniter))
#10 D:\xampp\htdocs\circuit\index.php(56): CodeIgniter\Boot::bootWeb(Object(Config\Paths))
#11 {main}
CRITICAL - 2026-04-20 10:37:50 --> Error: Call to a member function getResultArray() on bool
[Method: POST, Route: circuit-manage/api/getCredBadges]
in APPPATH\Controllers\Admin\MainPage.php on line 1403.
 1 SYSTEMPATH\CodeIgniter.php(933): App\Controllers\Admin\MainPage->getCredBadges()
 2 SYSTEMPATH\CodeIgniter.php(509): CodeIgniter\CodeIgniter->runController(Object(App\Controllers\Admin\MainPage))
 3 SYSTEMPATH\CodeIgniter.php(355): CodeIgniter\CodeIgniter->handleRequest(null, Object(Config\Cache), false)
 4 SYSTEMPATH\Boot.php(325): CodeIgniter\CodeIgniter->run()
 5 SYSTEMPATH\Boot.php(67): CodeIgniter\Boot::runCodeIgniter(Object(CodeIgniter\CodeIgniter))
 6 FCPATH\index.php(56): CodeIgniter\Boot::bootWeb(Object(Config\Paths))
ERROR - 2026-04-20 10:38:07 --> mysqli_sql_exception: Table 'circuitbrilliance_db.web_cred_badges' doesn't exist in D:\xampp\htdocs\circuit\system\Database\MySQLi\Connection.php:312
Stack trace:
#0 D:\xampp\htdocs\circuit\system\Database\MySQLi\Connection.php(312): mysqli->query('UPDATE `web_cre...', 0)
#1 D:\xampp\htdocs\circuit\system\Database\BaseConnection.php(734): CodeIgniter\Database\MySQLi\Connection->execute('UPDATE `web_cre...')
#2 D:\xampp\htdocs\circuit\system\Database\BaseConnection.php(648): CodeIgniter\Database\BaseConnection->simpleQuery('UPDATE `web_cre...')
#3 D:\xampp\htdocs\circuit\system\Database\BaseBuilder.php(2516): CodeIgniter\Database\BaseConnection->query('UPDATE `web_cre...', Array, false)
#4 D:\xampp\htdocs\circuit\app\Controllers\Admin\MainPage.php(40): CodeIgniter\Database\BaseBuilder->update()
#5 D:\xampp\htdocs\circuit\app\Controllers\Admin\MainPage.php(1469): App\Controllers\Admin\MainPage->reorderDisplayOrder('web_cred_badges', 'web_cred_badge_...', 0, 1, 'insert')
#6 D:\xampp\htdocs\circuit\system\CodeIgniter.php(933): App\Controllers\Admin\MainPage->saveCredBadge()
#7 D:\xampp\htdocs\circuit\system\CodeIgniter.php(509): CodeIgniter\CodeIgniter->runController(Object(App\Controllers\Admin\MainPage))
#8 D:\xampp\htdocs\circuit\system\CodeIgniter.php(355): CodeIgniter\CodeIgniter->handleRequest(NULL, Object(Config\Cache), false)
#9 D:\xampp\htdocs\circuit\system\Boot.php(325): CodeIgniter\CodeIgniter->run()
#10 D:\xampp\htdocs\circuit\system\Boot.php(67): CodeIgniter\Boot::runCodeIgniter(Object(CodeIgniter\CodeIgniter))
#11 D:\xampp\htdocs\circuit\index.php(56): CodeIgniter\Boot::bootWeb(Object(Config\Paths))
#12 {main}
ERROR - 2026-04-20 10:38:07 --> mysqli_sql_exception: Table 'circuitbrilliance_db.web_cred_badges' doesn't exist in D:\xampp\htdocs\circuit\system\Database\MySQLi\Connection.php:312
Stack trace:
#0 D:\xampp\htdocs\circuit\system\Database\MySQLi\Connection.php(312): mysqli->query('INSERT INTO `we...', 0)
#1 D:\xampp\htdocs\circuit\system\Database\BaseConnection.php(734): CodeIgniter\Database\MySQLi\Connection->execute('INSERT INTO `we...')
#2 D:\xampp\htdocs\circuit\system\Database\BaseConnection.php(648): CodeIgniter\Database\BaseConnection->simpleQuery('INSERT INTO `we...')
#3 D:\xampp\htdocs\circuit\system\Database\BaseBuilder.php(2340): CodeIgniter\Database\BaseConnection->query('INSERT INTO `we...', Array, false)
#4 D:\xampp\htdocs\circuit\app\Controllers\Admin\MainPage.php(1481): CodeIgniter\Database\BaseBuilder->insert(Array)
#5 D:\xampp\htdocs\circuit\system\CodeIgniter.php(933): App\Controllers\Admin\MainPage->saveCredBadge()
#6 D:\xampp\htdocs\circuit\system\CodeIgniter.php(509): CodeIgniter\CodeIgniter->runController(Object(App\Controllers\Admin\MainPage))
#7 D:\xampp\htdocs\circuit\system\CodeIgniter.php(355): CodeIgniter\CodeIgniter->handleRequest(NULL, Object(Config\Cache), false)
#8 D:\xampp\htdocs\circuit\system\Boot.php(325): CodeIgniter\CodeIgniter->run()
#9 D:\xampp\htdocs\circuit\system\Boot.php(67): CodeIgniter\Boot::runCodeIgniter(Object(CodeIgniter\CodeIgniter))
#10 D:\xampp\htdocs\circuit\index.php(56): CodeIgniter\Boot::bootWeb(Object(Config\Paths))
#11 {main}
ERROR - 2026-04-20 10:38:07 --> mysqli_sql_exception: Table 'circuitbrilliance_db.web_cred_badges' doesn't exist in D:\xampp\htdocs\circuit\system\Database\MySQLi\Connection.php:312
Stack trace:
#0 D:\xampp\htdocs\circuit\system\Database\MySQLi\Connection.php(312): mysqli->query('SELECT `web_cre...', 0)
#1 D:\xampp\htdocs\circuit\system\Database\BaseConnection.php(734): CodeIgniter\Database\MySQLi\Connection->execute('SELECT `web_cre...')
#2 D:\xampp\htdocs\circuit\system\Database\BaseConnection.php(648): CodeIgniter\Database\BaseConnection->simpleQuery('SELECT `web_cre...')
#3 D:\xampp\htdocs\circuit\system\Database\BaseBuilder.php(1644): CodeIgniter\Database\BaseConnection->query('SELECT `web_cre...', Array, false)
#4 D:\xampp\htdocs\circuit\app\Controllers\Admin\MainPage.php(1403): CodeIgniter\Database\BaseBuilder->get()
#5 D:\xampp\htdocs\circuit\system\CodeIgniter.php(933): App\Controllers\Admin\MainPage->getCredBadges()
#6 D:\xampp\htdocs\circuit\system\CodeIgniter.php(509): CodeIgniter\CodeIgniter->runController(Object(App\Controllers\Admin\MainPage))
#7 D:\xampp\htdocs\circuit\system\CodeIgniter.php(355): CodeIgniter\CodeIgniter->handleRequest(NULL, Object(Config\Cache), false)
#8 D:\xampp\htdocs\circuit\system\Boot.php(325): CodeIgniter\CodeIgniter->run()
#9 D:\xampp\htdocs\circuit\system\Boot.php(67): CodeIgniter\Boot::runCodeIgniter(Object(CodeIgniter\CodeIgniter))
#10 D:\xampp\htdocs\circuit\index.php(56): CodeIgniter\Boot::bootWeb(Object(Config\Paths))
#11 {main}
CRITICAL - 2026-04-20 10:38:07 --> Error: Call to a member function getResultArray() on bool
[Method: POST, Route: circuit-manage/api/getCredBadges]
in APPPATH\Controllers\Admin\MainPage.php on line 1403.
 1 SYSTEMPATH\CodeIgniter.php(933): App\Controllers\Admin\MainPage->getCredBadges()
 2 SYSTEMPATH\CodeIgniter.php(509): CodeIgniter\CodeIgniter->runController(Object(App\Controllers\Admin\MainPage))
 3 SYSTEMPATH\CodeIgniter.php(355): CodeIgniter\CodeIgniter->handleRequest(null, Object(Config\Cache), false)
 4 SYSTEMPATH\Boot.php(325): CodeIgniter\CodeIgniter->run()
 5 SYSTEMPATH\Boot.php(67): CodeIgniter\Boot::runCodeIgniter(Object(CodeIgniter\CodeIgniter))
 6 FCPATH\index.php(56): CodeIgniter\Boot::bootWeb(Object(Config\Paths))
ERROR - 2026-04-20 10:38:14 --> mysqli_sql_exception: Table 'circuitbrilliance_db.web_cred_badges' doesn't exist in D:\xampp\htdocs\circuit\system\Database\MySQLi\Connection.php:312
Stack trace:
#0 D:\xampp\htdocs\circuit\system\Database\MySQLi\Connection.php(312): mysqli->query('SELECT `web_cre...', 0)
#1 D:\xampp\htdocs\circuit\system\Database\BaseConnection.php(734): CodeIgniter\Database\MySQLi\Connection->execute('SELECT `web_cre...')
#2 D:\xampp\htdocs\circuit\system\Database\BaseConnection.php(648): CodeIgniter\Database\BaseConnection->simpleQuery('SELECT `web_cre...')
#3 D:\xampp\htdocs\circuit\system\Database\BaseBuilder.php(1644): CodeIgniter\Database\BaseConnection->query('SELECT `web_cre...', Array, false)
#4 D:\xampp\htdocs\circuit\app\Controllers\Admin\MainPage.php(1403): CodeIgniter\Database\BaseBuilder->get()
#5 D:\xampp\htdocs\circuit\system\CodeIgniter.php(933): App\Controllers\Admin\MainPage->getCredBadges()
#6 D:\xampp\htdocs\circuit\system\CodeIgniter.php(509): CodeIgniter\CodeIgniter->runController(Object(App\Controllers\Admin\MainPage))
#7 D:\xampp\htdocs\circuit\system\CodeIgniter.php(355): CodeIgniter\CodeIgniter->handleRequest(NULL, Object(Config\Cache), false)
#8 D:\xampp\htdocs\circuit\system\Boot.php(325): CodeIgniter\CodeIgniter->run()
#9 D:\xampp\htdocs\circuit\system\Boot.php(67): CodeIgniter\Boot::runCodeIgniter(Object(CodeIgniter\CodeIgniter))
#10 D:\xampp\htdocs\circuit\index.php(56): CodeIgniter\Boot::bootWeb(Object(Config\Paths))
#11 {main}
CRITICAL - 2026-04-20 10:38:14 --> Error: Call to a member function getResultArray() on bool
[Method: POST, Route: circuit-manage/api/getCredBadges]
in APPPATH\Controllers\Admin\MainPage.php on line 1403.
 1 SYSTEMPATH\CodeIgniter.php(933): App\Controllers\Admin\MainPage->getCredBadges()
 2 SYSTEMPATH\CodeIgniter.php(509): CodeIgniter\CodeIgniter->runController(Object(App\Controllers\Admin\MainPage))
 3 SYSTEMPATH\CodeIgniter.php(355): CodeIgniter\CodeIgniter->handleRequest(null, Object(Config\Cache), false)
 4 SYSTEMPATH\Boot.php(325): CodeIgniter\CodeIgniter->run()
 5 SYSTEMPATH\Boot.php(67): CodeIgniter\Boot::runCodeIgniter(Object(CodeIgniter\CodeIgniter))
 6 FCPATH\index.php(56): CodeIgniter\Boot::bootWeb(Object(Config\Paths))
ERROR - 2026-04-20 10:38:55 --> mysqli_sql_exception: Table 'circuitbrilliance_db.web_cred_badges' doesn't exist in D:\xampp\htdocs\circuit\system\Database\MySQLi\Connection.php:312
Stack trace:
#0 D:\xampp\htdocs\circuit\system\Database\MySQLi\Connection.php(312): mysqli->query('SELECT `web_cre...', 0)
#1 D:\xampp\htdocs\circuit\system\Database\BaseConnection.php(734): CodeIgniter\Database\MySQLi\Connection->execute('SELECT `web_cre...')
#2 D:\xampp\htdocs\circuit\system\Database\BaseConnection.php(648): CodeIgniter\Database\BaseConnection->simpleQuery('SELECT `web_cre...')
#3 D:\xampp\htdocs\circuit\system\Database\BaseBuilder.php(1644): CodeIgniter\Database\BaseConnection->query('SELECT `web_cre...', Array, false)
#4 D:\xampp\htdocs\circuit\app\Controllers\Admin\MainPage.php(1403): CodeIgniter\Database\BaseBuilder->get()
#5 D:\xampp\htdocs\circuit\system\CodeIgniter.php(933): App\Controllers\Admin\MainPage->getCredBadges()
#6 D:\xampp\htdocs\circuit\system\CodeIgniter.php(509): CodeIgniter\CodeIgniter->runController(Object(App\Controllers\Admin\MainPage))
#7 D:\xampp\htdocs\circuit\system\CodeIgniter.php(355): CodeIgniter\CodeIgniter->handleRequest(NULL, Object(Config\Cache), false)
#8 D:\xampp\htdocs\circuit\system\Boot.php(325): CodeIgniter\CodeIgniter->run()
#9 D:\xampp\htdocs\circuit\system\Boot.php(67): CodeIgniter\Boot::runCodeIgniter(Object(CodeIgniter\CodeIgniter))
#10 D:\xampp\htdocs\circuit\index.php(56): CodeIgniter\Boot::bootWeb(Object(Config\Paths))
#11 {main}
CRITICAL - 2026-04-20 10:38:55 --> Error: Call to a member function getResultArray() on bool
[Method: POST, Route: circuit-manage/api/getCredBadges]
in APPPATH\Controllers\Admin\MainPage.php on line 1403.
 1 SYSTEMPATH\CodeIgniter.php(933): App\Controllers\Admin\MainPage->getCredBadges()
 2 SYSTEMPATH\CodeIgniter.php(509): CodeIgniter\CodeIgniter->runController(Object(App\Controllers\Admin\MainPage))
 3 SYSTEMPATH\CodeIgniter.php(355): CodeIgniter\CodeIgniter->handleRequest(null, Object(Config\Cache), false)
 4 SYSTEMPATH\Boot.php(325): CodeIgniter\CodeIgniter->run()
 5 SYSTEMPATH\Boot.php(67): CodeIgniter\Boot::runCodeIgniter(Object(CodeIgniter\CodeIgniter))
 6 FCPATH\index.php(56): CodeIgniter\Boot::bootWeb(Object(Config\Paths))
ERROR - 2026-04-20 10:39:01 --> mysqli_sql_exception: Table 'circuitbrilliance_db.web_cred_badges' doesn't exist in D:\xampp\htdocs\circuit\system\Database\MySQLi\Connection.php:312
Stack trace:
#0 D:\xampp\htdocs\circuit\system\Database\MySQLi\Connection.php(312): mysqli->query('SELECT `web_cre...', 0)
#1 D:\xampp\htdocs\circuit\system\Database\BaseConnection.php(734): CodeIgniter\Database\MySQLi\Connection->execute('SELECT `web_cre...')
#2 D:\xampp\htdocs\circuit\system\Database\BaseConnection.php(648): CodeIgniter\Database\BaseConnection->simpleQuery('SELECT `web_cre...')
#3 D:\xampp\htdocs\circuit\system\Database\BaseBuilder.php(1644): CodeIgniter\Database\BaseConnection->query('SELECT `web_cre...', Array, false)
#4 D:\xampp\htdocs\circuit\app\Controllers\Admin\MainPage.php(1403): CodeIgniter\Database\BaseBuilder->get()
#5 D:\xampp\htdocs\circuit\system\CodeIgniter.php(933): App\Controllers\Admin\MainPage->getCredBadges()
#6 D:\xampp\htdocs\circuit\system\CodeIgniter.php(509): CodeIgniter\CodeIgniter->runController(Object(App\Controllers\Admin\MainPage))
#7 D:\xampp\htdocs\circuit\system\CodeIgniter.php(355): CodeIgniter\CodeIgniter->handleRequest(NULL, Object(Config\Cache), false)
#8 D:\xampp\htdocs\circuit\system\Boot.php(325): CodeIgniter\CodeIgniter->run()
#9 D:\xampp\htdocs\circuit\system\Boot.php(67): CodeIgniter\Boot::runCodeIgniter(Object(CodeIgniter\CodeIgniter))
#10 D:\xampp\htdocs\circuit\index.php(56): CodeIgniter\Boot::bootWeb(Object(Config\Paths))
#11 {main}
CRITICAL - 2026-04-20 10:39:01 --> Error: Call to a member function getResultArray() on bool
[Method: POST, Route: circuit-manage/api/getCredBadges]
in APPPATH\Controllers\Admin\MainPage.php on line 1403.
 1 SYSTEMPATH\CodeIgniter.php(933): App\Controllers\Admin\MainPage->getCredBadges()
 2 SYSTEMPATH\CodeIgniter.php(509): CodeIgniter\CodeIgniter->runController(Object(App\Controllers\Admin\MainPage))
 3 SYSTEMPATH\CodeIgniter.php(355): CodeIgniter\CodeIgniter->handleRequest(null, Object(Config\Cache), false)
 4 SYSTEMPATH\Boot.php(325): CodeIgniter\CodeIgniter->run()
 5 SYSTEMPATH\Boot.php(67): CodeIgniter\Boot::runCodeIgniter(Object(CodeIgniter\CodeIgniter))
 6 FCPATH\index.php(56): CodeIgniter\Boot::bootWeb(Object(Config\Paths))
ERROR - 2026-04-20 10:58:47 --> Array
(
    [missionStatus] => 1
    [missionStatusHidden] => 1
    [web_content_1] => About Circuit Brilliance
    [web_content_2] => <div>Welcome to Travel Needs, your one-stop destination for all travel requirements. Founded with a passion for making travel simple and enjoyable, Travel Needs provides a wide range of travel services including air ticket booking, visa processing, tour packages, car rentals, accommodation booking, and foreign exchange.</div><div><br></div><div>With years of experience and an extensive network of travel partners across the globe, we take pride in delivering personalized travel solutions that meet every customer’s needs.</div><div><br></div><div>Our professional team ensures that every booking is handled with precision, transparency, and care. From documentation to final travel arrangements, we make sure your journey is smooth, comfortable, and completely worry-free.</div>    
    [web_content_id] => 7
    [for] => edit
)

ERROR - 2026-04-20 10:59:36 --> Array
(
    [missionStatus] => 1
    [missionStatusHidden] => 1
    [web_content_1] => About Circuit Brilliance
    [web_content_2] => <div><div>Circuit Brilliance is a specialist power electronics design consultancy founded in July 2024. We do one thing — power electronics PCB design — and we do it properly. EV chargers, renewable energy inverters, battery management systems, and high-power converters are not a side service here. They are the only service.</div><div>Every Circuit Brilliance engagement is backed by six proprietary analytical frameworks — built from 18 years of hands-on domain experience. What this means for you: your design is evaluated for failure risk before a single trace is routed. Every watt of loss is accounted for before the BOM is finalised. Compliance gaps are identified at the schematic stage, not at the test lab. Thermal risks are mapped before the layout begins. These are not optional reviews — they are how Circuit Brilliance works on every project, regardless of size or domain.</div><div>Circuit Brilliance also works as a full power electronics product development partner. If you are developing a power electronics product from the ground up — across EV, BMS, renewable energy, or power conversion — we can work with you from the initial block diagram through topology selection, simulation, schematic capture, PCB layout, and complete design documentation. The capability is here. The domain depth is here. And the structured methodology to take a product from concept to production-ready design is built into everything we do.</div></div>    
    [web_content_id] => 7
    [for] => edit
)

ERROR - 2026-04-20 11:00:04 --> Array
(
    [missionStatus] => 1
    [missionStatusHidden] => 1
    [web_content_1] => About Circuit Brilliance
    [web_content_2] => <div><div>Circuit Brilliance is a specialist power electronics design consultancy founded in July 2024. We do one thing — power electronics PCB design — and we do it properly. EV chargers, renewable energy inverters, battery management systems, and high-power converters are not a side service here. They are the only service.</div><div>Every Circuit Brilliance engagement is backed by six proprietary analytical frameworks — built from 18 years of hands-on domain experience. What this means for you: your design is evaluated for failure risk before a single trace is routed. Every watt of loss is accounted for before the BOM is finalised. Compliance gaps are identified at the schematic stage, not at the test lab. Thermal risks are mapped before the layout begins. These are not optional reviews — they are how Circuit Brilliance works on every project, regardless of size or domain.</div><div>Circuit Brilliance also works as a full power electronics product development partner. If you are developing a power electronics product from the ground up — across EV, BMS, renewable energy, or power conversion — we can work with you from the initial block diagram through topology selection, simulation, schematic capture, PCB layout, and complete design documentation. The capability is here. The domain depth is here. And the structured methodology to take a product from concept to production-ready design is built into everything we do.</div></div>    
    [web_content_id] => 7
    [for] => edit
)

ERROR - 2026-04-20 11:06:00 --> Array
(
    [missionStatus] => 1
    [missionStatusHidden] => 1
    [web_content_1] => About Circuit Brilliance
    [web_content_2] => <p>Circuit Brilliance is a specialist power electronics design consultancy founded in July 2024. We do one thing — power electronics PCB design — and we do it properly. EV chargers, renewable energy inverters, battery management systems, and high-power converters are not a side service here. They are the only service.</p><p>&nbsp;</p><p>Every Circuit Brilliance engagement is backed by six proprietary analytical frameworks — built from 18 years of hands-on domain experience. What this means for you: your design is evaluated for failure risk before a single trace is routed. Every watt of loss is accounted for before the BOM is finalised. Compliance gaps are identified at the schematic stage, not at the test lab. Thermal risks are mapped before the layout begins. These are not optional reviews — they are how Circuit Brilliance works on every project, regardless of size or domain.</p><p>&nbsp;</p><p>Circuit Brilliance also works as a full power electronics product development partner. If you are developing a power electronics product from the ground up — across EV, BMS, renewable energy, or power conversion — we can work with you from the initial block diagram through topology selection, simulation, schematic capture, PCB layout, and complete design documentation. The capability is here. The domain depth is here. And the structured methodology to take a product from concept to production-ready design is built into everything we do.</p>
    [web_content_id] => 7
    [for] => edit
)

ERROR - 2026-04-20 11:06:16 --> Array
(
    [missionStatus] => 1
    [missionStatusHidden] => 1
    [web_content_1] => About Circuit Brilliance
    [web_content_2] => <p>Circuit Brilliance is a specialist power electronics design consultancy founded in July 2024. We do one thing — power electronics PCB design — and we do it properly. EV chargers, renewable energy inverters, battery management systems, and high-power converters are not a side service here. They are the only service.</p><p>Every Circuit Brilliance engagement is backed by six proprietary analytical frameworks — built from 18 years of hands-on domain experience. What this means for you: your design is evaluated for failure risk before a single trace is routed. Every watt of loss is accounted for before the BOM is finalised. Compliance gaps are identified at the schematic stage, not at the test lab. Thermal risks are mapped before the layout begins. These are not optional reviews — they are how Circuit Brilliance works on every project, regardless of size or domain.</p><p>Circuit Brilliance also works as a full power electronics product development partner. If you are developing a power electronics product from the ground up — across EV, BMS, renewable energy, or power conversion — we can work with you from the initial block diagram through topology selection, simulation, schematic capture, PCB layout, and complete design documentation. The capability is here. The domain depth is here. And the structured methodology to take a product from concept to production-ready design is built into everything we do.</p>
    [web_content_id] => 7
    [for] => edit
)

ERROR - 2026-04-20 11:06:23 --> Array
(
    [missionStatus] => 1
    [missionStatusHidden] => 1
    [web_content_1] => About Circuit Brilliance
    [web_content_2] => <p>Circuit Brilliance is a specialist power electronics design consultancy founded in July 2024. We do one thing — power electronics PCB design — and we do it properly. EV chargers, renewable energy inverters, battery management systems, and high-power converters are not a side service here. They are the only service.</p><p>Every Circuit Brilliance engagement is backed by six proprietary analytical frameworks — built from 18 years of hands-on domain experience. What this means for you: your design is evaluated for failure risk before a single trace is routed. Every watt of loss is accounted for before the BOM is finalised. Compliance gaps are identified at the schematic stage, not at the test lab. Thermal risks are mapped before the layout begins. These are not optional reviews — they are how Circuit Brilliance works on every project, regardless of size or domain.</p><p>Circuit Brilliance also works as a full power electronics product development partner. If you are developing a power electronics product from the ground up — across EV, BMS, renewable energy, or power conversion — we can work with you from the initial block diagram through topology selection, simulation, schematic capture, PCB layout, and complete design documentation. The capability is here. The domain depth is here. And the structured methodology to take a product from concept to production-ready design is built into everything we do.</p>
    [web_content_id] => 7
    [for] => edit
)

ERROR - 2026-04-20 11:20:23 --> Array
(
    [status] => 1
    [web_content_1] => 
    [web_content_2] => 
    [web_content_3] => 
    [web_content_4] => 
    [web_content_5] => 
    [web_content_id] => 9
    [for] => edit
)

ERROR - 2026-04-20 11:21:14 --> Array
(
    [status] => 1
    [web_content_1] => 
    [web_content_2] => 
    [web_content_3] => 
    [web_content_4] => 
    [web_content_5] => 
    [web_content_id] => 9
    [for] => edit
)

ERROR - 2026-04-20 11:21:34 --> Array
(
    [web_content_1] => How We Work
    [web_content_2] => 
    [web_content_3] => 
    [web_content_4] => 
    [web_content_5] => 
    [web_content_id] => 9
    [for] => edit
)

ERROR - 2026-04-20 11:25:06 --> Array
(
    [missionStatusHidden] => 0
    [web_content_1] => 
    [web_content_2] => 
    [web_content_3] => 
    [web_content_4] => 
    [web_content_5] => 
    [web_content_id] => 9
    [for] => edit
)

ERROR - 2026-04-20 11:25:13 --> Array
(
    [missionStatus] => 1
    [missionStatusHidden] => 1
    [web_content_1] => 
    [web_content_2] => 
    [web_content_3] => 
    [web_content_4] => 
    [web_content_5] => 
    [web_content_id] => 9
    [for] => edit
)

ERROR - 2026-04-20 11:25:24 --> Array
(
    [missionStatus] => 1
    [missionStatusHidden] => 1
    [web_content_1] => How We Work
    [web_content_2] => 
    [web_content_3] => 
    [web_content_4] => 
    [web_content_5] => 
    [web_content_id] => 9
    [for] => edit
)

ERROR - 2026-04-20 11:26:02 --> Array
(
    [missionStatus] => 1
    [missionStatusHidden] => 1
    [web_content_1] => How We Work
    [web_content_2] => What happens when you bring us a design brief
    [web_content_3] => 
    [web_content_4] => What happens when you are building a product from scratch
    [web_content_5] => 
    [web_content_id] => 9
    [for] => edit
)

ERROR - 2026-04-20 11:26:26 --> Array
(
    [missionStatus] => 1
    [missionStatusHidden] => 1
    [web_content_1] => How We Work
    [web_content_2] => What happens when you bring us a design brief
    [web_content_3] => When a client approaches Circuit Brilliance with a power electronics design brief, the engagement begins with a structured requirements conversation — not a quotation form. We want to understand your power level, your topology constraints, your isolation requirements, your target market, and your timeline before a single schematic symbol is placed. From there, the design follows a structured, ISO 9001-informed process: block diagram, topology simulation, schematic capture, CB-CRAFT PCB layout execution framework, and a complete deliverables package including Gerbers, BOM, design calculations, and compliance documentation. Every stage is tracked. Every decision is documented. You always know where your design is and why it looks the way it does.
    [web_content_4] => What happens when you are building a product from scratch
    [web_content_5] => For clients developing a power electronics product from the ground up, Circuit Brilliance can step in at the very beginning. Block diagram before schematic. Schematic before layout. Simulation before fabrication. Standards verification before release. This structured sequence — applied across EV, BMS, renewable energy, and power conversion domains — ensures that design decisions made early do not create expensive problems late. The result is a product that is engineered correctly from the first diagram, not corrected into shape through a series of costly prototype iterations.
    [web_content_id] => 9
    [for] => edit
)

ERROR - 2026-04-20 11:26:30 --> Array
(
    [missionStatus] => 1
    [missionStatusHidden] => 1
    [web_content_1] => How We Work
    [web_content_2] => What happens when you bring us a design brief
    [web_content_3] => When a client approaches Circuit Brilliance with a power electronics design brief, the engagement begins with a structured requirements conversation — not a quotation form. We want to understand your power level, your topology constraints, your isolation requirements, your target market, and your timeline before a single schematic symbol is placed. From there, the design follows a structured, ISO 9001-informed process: block diagram, topology simulation, schematic capture, CB-CRAFT PCB layout execution framework, and a complete deliverables package including Gerbers, BOM, design calculations, and compliance documentation. Every stage is tracked. Every decision is documented. You always know where your design is and why it looks the way it does.
    [web_content_4] => What happens when you are building a product from scratch
    [web_content_5] => For clients developing a power electronics product from the ground up, Circuit Brilliance can step in at the very beginning. Block diagram before schematic. Schematic before layout. Simulation before fabrication. Standards verification before release. This structured sequence — applied across EV, BMS, renewable energy, and power conversion domains — ensures that design decisions made early do not create expensive problems late. The result is a product that is engineered correctly from the first diagram, not corrected into shape through a series of costly prototype iterations.
    [web_content_id] => 9
    [for] => edit
)

ERROR - 2026-04-20 11:42:20 --> Array
(
    [missionStatus] => 1
    [missionStatusHidden] => 1
    [web_content_1] => 
    [web_content_2] => 
    [web_content_3] => 
    [web_content_4] => 
    [web_content_id] => 5
    [for] => edit
)

ERROR - 2026-04-20 11:44:49 --> Array
(
    [missionStatus] => 1
    [missionStatusHidden] => 1
    [web_content_1] => More than projects. A design hub
    [web_content_2] => Circuit Brilliance is building towards something larger than a project-by-project consultancy. The technical blog, the case study portfolio, the design frameworks, and the growing domain knowledge base are all pointing towards a power electronics design hub that the EV and renewable energy engineering community can genuinely rely on. The world needs more good power electronics design. We intend to help.
    [web_content_3] => Power Electronics Research Institute
    [web_content_4] => PERI — the Power Electronics Research Institute — is Circuit Brilliance's academic wing, currently being established to advance power electronics knowledge through structured research, technical publication, and collaboration with university research groups. Because good engineering deserves to be understood, shared, and built upon.
    [web_content_id] => 5
    [for] => edit
)

ERROR - 2026-04-20 11:50:57 --> Array
(
    [missionStatus] => 1
    [missionStatusHidden] => 1
    [web_content_1] => More than projects. A design hub
    [web_content_2] => Circuit Brilliance is building towards something larger than a project-by-project consultancy. The technical blog, the case study portfolio, the design frameworks, and the growing domain knowledge base are all pointing towards a power electronics design hub that the EV and renewable energy engineering community can genuinely rely on. The world needs more good power electronics design. We intend to help.
    [web_content_3] => Power Electronics Research Institute
    [web_content_4] => PERI — the Power Electronics Research Institute — is Circuit Brilliance's academic wing, currently being established to advance power electronics knowledge through structured research, technical publication, and collaboration with university research groups. Because good engineering deserves to be understood, shared, and built upon.
    [web_content_id] => 5
    [for] => edit
)

ERROR - 2026-04-20 11:52:34 --> Array
(
    [web_content_1] => What We Believe
    [missionStatus] => 1
    [missionStatusHidden] => 1
    [stats] => Array
        (
            [0] => Array
                (
                    [icon] => fa-solid fa-microchip
                    [text] => We believe that power electronics deserves more than a competent layout. It deserves a designer who understands why every component is where it is — and can defend every decision.
                )

            [1] => Array
                (
                    [icon] => fa-solid fa-microchip
                    [text] => We believe compliance is not a checkbox at the end of a project. It is a discipline built into the design from the first block diagram.
                )

            [2] => Array
                (
                    [icon] => fa-solid fa-microchip
                    [text] => We believe simulation before fabrication is not optional. It is respect for the client's time and money.
                )

            [3] => Array
                (
                    [icon] => fa-solid fa-microchip
                    [text] => We believe the best power electronics designs are invisible — you only notice them when they are wrong.
                )

        )

    [web_content_id] => 14
    [for] => edit
)

ERROR - 2026-04-20 11:54:34 --> Array
(
    [web_content_1] => What We Believe
    [missionStatus] => 1
    [missionStatusHidden] => 1
    [stats] => Array
        (
            [0] => Array
                (
                    [icon] => fa-solid fa-microchip
                    [text] => We believe that power electronics deserves more than a competent layout. It deserves a designer who understands why every component is where it is — and can defend every decision.
                )

            [1] => Array
                (
                    [icon] => fa-solid fa-shield-halved
                    [text] => We believe compliance is not a checkbox at the end of a project. It is a discipline built into the design from the first block diagram.
                )

            [2] => Array
                (
                    [icon] => fa-solid fa-wave-square
                    [text] => We believe simulation before fabrication is not optional. It is respect for the client's time and money.
                )

            [3] => Array
                (
                    [icon] => fa-solid fa-eye-slash
                    [text] => We believe the best power electronics designs are invisible — you only notice them when they are wrong.
                )

        )

    [web_content_id] => 14
    [for] => edit
)

ERROR - 2026-04-20 11:56:48 --> Array
(
    [web_content_1] => What We Believe
    [missionStatus] => 1
    [missionStatusHidden] => 1
    [stats] => Array
        (
            [0] => Array
                (
                    [icon] => fa-solid fa-shield-halved
                    [text] => We believe compliance is not a checkbox at the end of a project. It is a discipline built into the design from the first block diagram.
                )

            [1] => Array
                (
                    [icon] => fa-solid fa-microchip
                    [text] => We believe that power electronics deserves more than a competent layout. It deserves a designer who understands why every component is where it is — and can defend every decision.
                )

            [2] => Array
                (
                    [icon] => fa-solid fa-wave-square
                    [text] => We believe simulation before fabrication is not optional. It is respect for the client's time and money.
                )

            [3] => Array
                (
                    [icon] => fa-solid fa-eye-slash
                    [text] => We believe the best power electronics designs are invisible — you only notice them when they are wrong.
                )

        )

    [web_content_id] => 14
    [for] => edit
)

ERROR - 2026-04-20 11:57:52 --> Array
(
    [web_content_1] => What We Believe
    [missionStatus] => 1
    [missionStatusHidden] => 1
    [stats] => Array
        (
            [0] => Array
                (
                    [icon] => fa-solid fa-microchip
                    [text] => We believe that power electronics deserves more than a competent layout. It deserves a designer who understands why every component is where it is — and can defend every decision.
                )

            [1] => Array
                (
                    [icon] => fa-solid fa-shield-halved
                    [text] => We believe compliance is not a checkbox at the end of a project. It is a discipline built into the design from the first block diagram.
                )

            [2] => Array
                (
                    [icon] => fa-solid fa-wave-square
                    [text] => We believe simulation before fabrication is not optional. It is respect for the client's time and money.
                )

            [3] => Array
                (
                    [icon] => fa-solid fa-eye-slash
                    [text] => We believe the best power electronics designs are invisible — you only notice them when they are wrong.
                )

        )

    [web_content_id] => 14
    [for] => edit
)

ERROR - 2026-04-20 12:10:02 --> Array
(
    [web_content_1] => What We Believe
    [missionStatus] => 1
    [missionStatusHidden] => 1
    [stats] => Array
        (
            [0] => Array
                (
                    [icon] => fa-solid fa-microchip
                    [text] => We believe that power electronics deserves more than a competent layout. It deserves a designer who understands why every component is where it is — and can defend every decision.
                )

            [1] => Array
                (
                    [icon] => fa-solid fa-shield-halved
                    [text] => We believe compliance is not a checkbox at the end of a project. It is a discipline built into the design from the first block diagram.
                )

            [2] => Array
                (
                    [icon] => fa-solid fa-wave-square
                    [text] => We believe simulation before fabrication is not optional. It is respect for the client's time and money.
                )

            [3] => Array
                (
                    [icon] => fa-solid fa-eye-slash
                    [text] => We believe the best power electronics designs are invisible — you only notice them when they are wrong.
                )

        )

    [web_content_id] => 14
    [for] => edit
)

ERROR - 2026-04-20 12:27:34 --> Array
(
    [missionStatus] => 1
    [missionStatusHidden] => 1
    [web_content_1] => 
    [web_content_2] => <div><br></div>
    [web_content_3] => 
    [web_content_id] => 6
    [for] => edit
)

ERROR - 2026-04-20 12:39:13 --> Array
(
    [missionStatus] => 1
    [missionStatusHidden] => 1
    [web_content_1] => Our Approach
    [web_content_2] => <ul><li>Requirements conversation before block diagram.</li><li>Block diagram before schematic.</li><li>Schematic before layout.</li><li>Simulation before fabrication.</li></ul>
    [web_content_3] => Standards verification before release. Every time. No exceptions.
    [web_content_id] => 6
    [for] => edit
)

ERROR - 2026-04-20 12:39:16 --> Array
(
    [missionStatus] => 1
    [missionStatusHidden] => 1
    [web_content_1] => Our Approach
    [web_content_2] => <ul><li>Requirements conversation before block diagram.</li><li>Block diagram before schematic.</li><li>Schematic before layout.</li><li>Simulation before fabrication.</li></ul>
    [web_content_3] => Standards verification before release. Every time. No exceptions.
    [web_content_id] => 6
    [for] => edit
)

ERROR - 2026-04-20 12:50:00 --> Array
(
    [missionStatus] => 1
    [missionStatusHidden] => 1
    [web_content_1] => "Every square millimetre of a power electronics PCB is a design decision. We make sure every one of them is the right one"
    [web_content_2] =>  The Circuit Brilliance Philosophy
    [web_content_id] => 15
    [for] => edit
)

ERROR - 2026-04-20 13:02:22 --> Array
(
    [missionStatus] => 1
    [missionStatusHidden] => 1
    [web_content_1] => "Every square millimetre of a power electronics PCB is a design decision. We make sure every one of them is the right one"
    [web_content_2] =>  The Circuit Brilliance Philosophy
    [web_content_id] => 15
    [for] => edit
)

