ERROR - 2026-04-21 16:48:41 --> mysqli_sql_exception: Table 'circuitbrilliance_db.web_portfolio_domain' doesn't exist in D:\xampp\htdocs\circuit\system\Database\MySQLi\Connection.php:312
Stack trace:
#0 D:\xampp\htdocs\circuit\system\Database\MySQLi\Connection.php(312): mysqli->query('SELECT *, CONCA...', 0)
#1 D:\xampp\htdocs\circuit\system\Database\BaseConnection.php(734): CodeIgniter\Database\MySQLi\Connection->execute('SELECT *, CONCA...')
#2 D:\xampp\htdocs\circuit\system\Database\BaseConnection.php(648): CodeIgniter\Database\BaseConnection->simpleQuery('SELECT *, CONCA...')
#3 D:\xampp\htdocs\circuit\system\Database\BaseBuilder.php(1644): CodeIgniter\Database\BaseConnection->query('SELECT *, CONCA...', Array, false)
#4 D:\xampp\htdocs\circuit\app\Controllers\Home.php(373): CodeIgniter\Database\BaseBuilder->get()
#5 D:\xampp\htdocs\circuit\system\CodeIgniter.php(933): App\Controllers\Home->pageportfolio()
#6 D:\xampp\htdocs\circuit\system\CodeIgniter.php(509): CodeIgniter\CodeIgniter->runController(Object(App\Controllers\Home))
#7 D:\xampp\htdocs\circuit\system\CodeIgniter.php(355): CodeIgniter\CodeIgniter->handleRequest(NULL, Object(Config\Cache), false)
#8 D:\xampp\htdocs\circuit\system\Boot.php(325): CodeIgniter\CodeIgniter->run()
#9 D:\xampp\htdocs\circuit\system\Boot.php(67): CodeIgniter\Boot::runCodeIgniter(Object(CodeIgniter\CodeIgniter))
#10 D:\xampp\htdocs\circuit\index.php(56): CodeIgniter\Boot::bootWeb(Object(Config\Paths))
#11 {main}
CRITICAL - 2026-04-21 16:48:41 --> Error: Call to a member function getResultArray() on bool
[Method: GET, Route: portfolio.php]
in APPPATH\Controllers\Home.php on line 373.
 1 SYSTEMPATH\CodeIgniter.php(933): App\Controllers\Home->pageportfolio()
 2 SYSTEMPATH\CodeIgniter.php(509): CodeIgniter\CodeIgniter->runController(Object(App\Controllers\Home))
 3 SYSTEMPATH\CodeIgniter.php(355): CodeIgniter\CodeIgniter->handleRequest(null, Object(Config\Cache), false)
 4 SYSTEMPATH\Boot.php(325): CodeIgniter\CodeIgniter->run()
 5 SYSTEMPATH\Boot.php(67): CodeIgniter\Boot::runCodeIgniter(Object(CodeIgniter\CodeIgniter))
 6 FCPATH\index.php(56): CodeIgniter\Boot::bootWeb(Object(Config\Paths))
ERROR - 2026-04-21 16:48:44 --> mysqli_sql_exception: Table 'circuitbrilliance_db.web_portfolio_domain' doesn't exist in D:\xampp\htdocs\circuit\system\Database\MySQLi\Connection.php:312
Stack trace:
#0 D:\xampp\htdocs\circuit\system\Database\MySQLi\Connection.php(312): mysqli->query('SELECT *, CONCA...', 0)
#1 D:\xampp\htdocs\circuit\system\Database\BaseConnection.php(734): CodeIgniter\Database\MySQLi\Connection->execute('SELECT *, CONCA...')
#2 D:\xampp\htdocs\circuit\system\Database\BaseConnection.php(648): CodeIgniter\Database\BaseConnection->simpleQuery('SELECT *, CONCA...')
#3 D:\xampp\htdocs\circuit\system\Database\BaseBuilder.php(1644): CodeIgniter\Database\BaseConnection->query('SELECT *, CONCA...', Array, false)
#4 D:\xampp\htdocs\circuit\app\Controllers\Home.php(373): CodeIgniter\Database\BaseBuilder->get()
#5 D:\xampp\htdocs\circuit\system\CodeIgniter.php(933): App\Controllers\Home->pageportfolio()
#6 D:\xampp\htdocs\circuit\system\CodeIgniter.php(509): CodeIgniter\CodeIgniter->runController(Object(App\Controllers\Home))
#7 D:\xampp\htdocs\circuit\system\CodeIgniter.php(355): CodeIgniter\CodeIgniter->handleRequest(NULL, Object(Config\Cache), false)
#8 D:\xampp\htdocs\circuit\system\Boot.php(325): CodeIgniter\CodeIgniter->run()
#9 D:\xampp\htdocs\circuit\system\Boot.php(67): CodeIgniter\Boot::runCodeIgniter(Object(CodeIgniter\CodeIgniter))
#10 D:\xampp\htdocs\circuit\index.php(56): CodeIgniter\Boot::bootWeb(Object(Config\Paths))
#11 {main}
CRITICAL - 2026-04-21 16:48:44 --> Error: Call to a member function getResultArray() on bool
[Method: GET, Route: portfolio.php]
in APPPATH\Controllers\Home.php on line 373.
 1 SYSTEMPATH\CodeIgniter.php(933): App\Controllers\Home->pageportfolio()
 2 SYSTEMPATH\CodeIgniter.php(509): CodeIgniter\CodeIgniter->runController(Object(App\Controllers\Home))
 3 SYSTEMPATH\CodeIgniter.php(355): CodeIgniter\CodeIgniter->handleRequest(null, Object(Config\Cache), false)
 4 SYSTEMPATH\Boot.php(325): CodeIgniter\CodeIgniter->run()
 5 SYSTEMPATH\Boot.php(67): CodeIgniter\Boot::runCodeIgniter(Object(CodeIgniter\CodeIgniter))
 6 FCPATH\index.php(56): CodeIgniter\Boot::bootWeb(Object(Config\Paths))
ERROR - 2026-04-21 16:48:44 --> mysqli_sql_exception: Table 'circuitbrilliance_db.web_portfolio_domain' doesn't exist in D:\xampp\htdocs\circuit\system\Database\MySQLi\Connection.php:312
Stack trace:
#0 D:\xampp\htdocs\circuit\system\Database\MySQLi\Connection.php(312): mysqli->query('SELECT *, CONCA...', 0)
#1 D:\xampp\htdocs\circuit\system\Database\BaseConnection.php(734): CodeIgniter\Database\MySQLi\Connection->execute('SELECT *, CONCA...')
#2 D:\xampp\htdocs\circuit\system\Database\BaseConnection.php(648): CodeIgniter\Database\BaseConnection->simpleQuery('SELECT *, CONCA...')
#3 D:\xampp\htdocs\circuit\system\Database\BaseBuilder.php(1644): CodeIgniter\Database\BaseConnection->query('SELECT *, CONCA...', Array, false)
#4 D:\xampp\htdocs\circuit\app\Controllers\Home.php(373): CodeIgniter\Database\BaseBuilder->get()
#5 D:\xampp\htdocs\circuit\system\CodeIgniter.php(933): App\Controllers\Home->pageportfolio()
#6 D:\xampp\htdocs\circuit\system\CodeIgniter.php(509): CodeIgniter\CodeIgniter->runController(Object(App\Controllers\Home))
#7 D:\xampp\htdocs\circuit\system\CodeIgniter.php(355): CodeIgniter\CodeIgniter->handleRequest(NULL, Object(Config\Cache), false)
#8 D:\xampp\htdocs\circuit\system\Boot.php(325): CodeIgniter\CodeIgniter->run()
#9 D:\xampp\htdocs\circuit\system\Boot.php(67): CodeIgniter\Boot::runCodeIgniter(Object(CodeIgniter\CodeIgniter))
#10 D:\xampp\htdocs\circuit\index.php(56): CodeIgniter\Boot::bootWeb(Object(Config\Paths))
#11 {main}
CRITICAL - 2026-04-21 16:48:44 --> Error: Call to a member function getResultArray() on bool
[Method: GET, Route: portfolio.php]
in APPPATH\Controllers\Home.php on line 373.
 1 SYSTEMPATH\CodeIgniter.php(933): App\Controllers\Home->pageportfolio()
 2 SYSTEMPATH\CodeIgniter.php(509): CodeIgniter\CodeIgniter->runController(Object(App\Controllers\Home))
 3 SYSTEMPATH\CodeIgniter.php(355): CodeIgniter\CodeIgniter->handleRequest(null, Object(Config\Cache), false)
 4 SYSTEMPATH\Boot.php(325): CodeIgniter\CodeIgniter->run()
 5 SYSTEMPATH\Boot.php(67): CodeIgniter\Boot::runCodeIgniter(Object(CodeIgniter\CodeIgniter))
 6 FCPATH\index.php(56): CodeIgniter\Boot::bootWeb(Object(Config\Paths))
ERROR - 2026-04-21 16:48:50 --> mysqli_sql_exception: Table 'circuitbrilliance_db.web_portfolio_domain' doesn't exist in D:\xampp\htdocs\circuit\system\Database\MySQLi\Connection.php:312
Stack trace:
#0 D:\xampp\htdocs\circuit\system\Database\MySQLi\Connection.php(312): mysqli->query('SELECT *, CONCA...', 0)
#1 D:\xampp\htdocs\circuit\system\Database\BaseConnection.php(734): CodeIgniter\Database\MySQLi\Connection->execute('SELECT *, CONCA...')
#2 D:\xampp\htdocs\circuit\system\Database\BaseConnection.php(648): CodeIgniter\Database\BaseConnection->simpleQuery('SELECT *, CONCA...')
#3 D:\xampp\htdocs\circuit\system\Database\BaseBuilder.php(1644): CodeIgniter\Database\BaseConnection->query('SELECT *, CONCA...', Array, false)
#4 D:\xampp\htdocs\circuit\app\Controllers\Home.php(373): CodeIgniter\Database\BaseBuilder->get()
#5 D:\xampp\htdocs\circuit\system\CodeIgniter.php(933): App\Controllers\Home->pageportfolio()
#6 D:\xampp\htdocs\circuit\system\CodeIgniter.php(509): CodeIgniter\CodeIgniter->runController(Object(App\Controllers\Home))
#7 D:\xampp\htdocs\circuit\system\CodeIgniter.php(355): CodeIgniter\CodeIgniter->handleRequest(NULL, Object(Config\Cache), false)
#8 D:\xampp\htdocs\circuit\system\Boot.php(325): CodeIgniter\CodeIgniter->run()
#9 D:\xampp\htdocs\circuit\system\Boot.php(67): CodeIgniter\Boot::runCodeIgniter(Object(CodeIgniter\CodeIgniter))
#10 D:\xampp\htdocs\circuit\index.php(56): CodeIgniter\Boot::bootWeb(Object(Config\Paths))
#11 {main}
CRITICAL - 2026-04-21 16:48:50 --> Error: Call to a member function getResultArray() on bool
[Method: GET, Route: portfolio.php]
in APPPATH\Controllers\Home.php on line 373.
 1 SYSTEMPATH\CodeIgniter.php(933): App\Controllers\Home->pageportfolio()
 2 SYSTEMPATH\CodeIgniter.php(509): CodeIgniter\CodeIgniter->runController(Object(App\Controllers\Home))
 3 SYSTEMPATH\CodeIgniter.php(355): CodeIgniter\CodeIgniter->handleRequest(null, Object(Config\Cache), false)
 4 SYSTEMPATH\Boot.php(325): CodeIgniter\CodeIgniter->run()
 5 SYSTEMPATH\Boot.php(67): CodeIgniter\Boot::runCodeIgniter(Object(CodeIgniter\CodeIgniter))
 6 FCPATH\index.php(56): CodeIgniter\Boot::bootWeb(Object(Config\Paths))
ERROR - 2026-04-21 16:49:16 --> mysqli_sql_exception: Unknown column 'page_name' in 'field list' in D:\xampp\htdocs\circuit\system\Database\MySQLi\Connection.php:312
Stack trace:
#0 D:\xampp\htdocs\circuit\system\Database\MySQLi\Connection.php(312): mysqli->query('INSERT INTO `we...', 0)
#1 D:\xampp\htdocs\circuit\system\Database\BaseConnection.php(734): CodeIgniter\Database\MySQLi\Connection->execute('INSERT INTO `we...')
#2 D:\xampp\htdocs\circuit\system\Database\BaseConnection.php(648): CodeIgniter\Database\BaseConnection->simpleQuery('INSERT INTO `we...')
#3 D:\xampp\htdocs\circuit\system\Database\BaseBuilder.php(2340): CodeIgniter\Database\BaseConnection->query('INSERT INTO `we...', Array, false)
#4 D:\xampp\htdocs\circuit\app\Controllers\Admin\MainPage.php(2641): CodeIgniter\Database\BaseBuilder->insert(Array)
#5 D:\xampp\htdocs\circuit\system\CodeIgniter.php(933): App\Controllers\Admin\MainPage->pagePortfolio()
#6 D:\xampp\htdocs\circuit\system\CodeIgniter.php(509): CodeIgniter\CodeIgniter->runController(Object(App\Controllers\Admin\MainPage))
#7 D:\xampp\htdocs\circuit\system\CodeIgniter.php(355): CodeIgniter\CodeIgniter->handleRequest(NULL, Object(Config\Cache), false)
#8 D:\xampp\htdocs\circuit\system\Boot.php(325): CodeIgniter\CodeIgniter->run()
#9 D:\xampp\htdocs\circuit\system\Boot.php(67): CodeIgniter\Boot::runCodeIgniter(Object(CodeIgniter\CodeIgniter))
#10 D:\xampp\htdocs\circuit\index.php(56): CodeIgniter\Boot::bootWeb(Object(Config\Paths))
#11 {main}
CRITICAL - 2026-04-21 16:49:16 --> ErrorException: Trying to access array offset on value of type null
[Method: GET, Route: circuit-manage/portfolio-manage]
in APPPATH\Views\admin\pages\portfolio.php on line 81.
 1 APPPATH\Views\admin\pages\portfolio.php(81): CodeIgniter\Debug\Exceptions->errorHandler(2, 'Trying to access array offset on value of type null', 'D:\\xampp\\htdocs\\circuit\\app\\Views\\admin\\pages\\portfolio.php', 81)
 2 SYSTEMPATH\View\View.php(234): include('D:\\xampp\\htdocs\\circuit\\app\\Views\\admin\\pages\\portfolio.php')
 3 SYSTEMPATH\View\View.php(237): CodeIgniter\View\View->CodeIgniter\View\{closure}()
 4 SYSTEMPATH\Common.php(1171): CodeIgniter\View\View->render('admin/pages/portfolio', [], true)
 5 APPPATH\Controllers\Admin\MainPage.php(2645): view('admin/pages/portfolio', [...])
 6 SYSTEMPATH\CodeIgniter.php(933): App\Controllers\Admin\MainPage->pagePortfolio()
 7 SYSTEMPATH\CodeIgniter.php(509): CodeIgniter\CodeIgniter->runController(Object(App\Controllers\Admin\MainPage))
 8 SYSTEMPATH\CodeIgniter.php(355): CodeIgniter\CodeIgniter->handleRequest(null, Object(Config\Cache), false)
 9 SYSTEMPATH\Boot.php(325): CodeIgniter\CodeIgniter->run()
10 SYSTEMPATH\Boot.php(67): CodeIgniter\Boot::runCodeIgniter(Object(CodeIgniter\CodeIgniter))
11 FCPATH\index.php(56): CodeIgniter\Boot::bootWeb(Object(Config\Paths))
ERROR - 2026-04-21 16:59:33 --> Array
(
    [web_content_1] => 
    [web_content_2] => If you are developing a power electronics product — an EV charger, a battery management system, a solar inverter, or a high-power converter — you already know that finding a design partner who genuinely understands the hardware is not straightforward. Circuit Brilliance was built for exactly that gap. Every case study on this page represents a complete design engagement — schematic, simulation, PCB layout, and documentation — executed with the same structured methodology we bring to every client project.
    [missionStatus] => 1
    [missionStatusHidden] => 1
    [web_content_id] => 16
    [for] => edit
)

