ERROR - 2026-04-22 10:28:25 --> mysqli_sql_exception: Table 'circuitbrilliance_db.web_portfolio_showcase' doesn't exist in D:\xampp\htdocs\circuit\system\Database\MySQLi\Connection.php:312
Stack trace:
#0 D:\xampp\htdocs\circuit\system\Database\MySQLi\Connection.php(312): mysqli->query('SELECT *\nFROM `...', 0)
#1 D:\xampp\htdocs\circuit\system\Database\BaseConnection.php(734): CodeIgniter\Database\MySQLi\Connection->execute('SELECT *\nFROM `...')
#2 D:\xampp\htdocs\circuit\system\Database\BaseConnection.php(648): CodeIgniter\Database\BaseConnection->simpleQuery('SELECT *\nFROM `...')
#3 D:\xampp\htdocs\circuit\system\Database\BaseBuilder.php(1644): CodeIgniter\Database\BaseConnection->query('SELECT *\nFROM `...', Array, false)
#4 D:\xampp\htdocs\circuit\app\Controllers\Admin\MainPage.php(2793): CodeIgniter\Database\BaseBuilder->get()
#5 D:\xampp\htdocs\circuit\system\CodeIgniter.php(933): App\Controllers\Admin\MainPage->getPortfolioShowcase()
#6 D:\xampp\htdocs\circuit\system\CodeIgniter.php(509): CodeIgniter\CodeIgniter->runController(Object(App\Controllers\Admin\MainPage))
#7 D:\xampp\htdocs\circuit\system\CodeIgniter.php(355): CodeIgniter\CodeIgniter->handleRequest(NULL, Object(Config\Cache), false)
#8 D:\xampp\htdocs\circuit\system\Boot.php(325): CodeIgniter\CodeIgniter->run()
#9 D:\xampp\htdocs\circuit\system\Boot.php(67): CodeIgniter\Boot::runCodeIgniter(Object(CodeIgniter\CodeIgniter))
#10 D:\xampp\htdocs\circuit\index.php(56): CodeIgniter\Boot::bootWeb(Object(Config\Paths))
#11 {main}
CRITICAL - 2026-04-22 10:28:25 --> Error: Call to a member function getResultArray() on bool
[Method: POST, Route: circuit-manage/api/getPortfolioShowcase]
in APPPATH\Controllers\Admin\MainPage.php on line 2793.
 1 SYSTEMPATH\CodeIgniter.php(933): App\Controllers\Admin\MainPage->getPortfolioShowcase()
 2 SYSTEMPATH\CodeIgniter.php(509): CodeIgniter\CodeIgniter->runController(Object(App\Controllers\Admin\MainPage))
 3 SYSTEMPATH\CodeIgniter.php(355): CodeIgniter\CodeIgniter->handleRequest(null, Object(Config\Cache), false)
 4 SYSTEMPATH\Boot.php(325): CodeIgniter\CodeIgniter->run()
 5 SYSTEMPATH\Boot.php(67): CodeIgniter\Boot::runCodeIgniter(Object(CodeIgniter\CodeIgniter))
 6 FCPATH\index.php(56): CodeIgniter\Boot::bootWeb(Object(Config\Paths))
ERROR - 2026-04-22 10:35:03 --> mysqli_sql_exception: Table 'circuitbrilliance_db.web_portfolio_showcase' doesn't exist in D:\xampp\htdocs\circuit\system\Database\MySQLi\Connection.php:312
Stack trace:
#0 D:\xampp\htdocs\circuit\system\Database\MySQLi\Connection.php(312): mysqli->query('SELECT *\nFROM `...', 0)
#1 D:\xampp\htdocs\circuit\system\Database\BaseConnection.php(734): CodeIgniter\Database\MySQLi\Connection->execute('SELECT *\nFROM `...')
#2 D:\xampp\htdocs\circuit\system\Database\BaseConnection.php(648): CodeIgniter\Database\BaseConnection->simpleQuery('SELECT *\nFROM `...')
#3 D:\xampp\htdocs\circuit\system\Database\BaseBuilder.php(1644): CodeIgniter\Database\BaseConnection->query('SELECT *\nFROM `...', Array, false)
#4 D:\xampp\htdocs\circuit\app\Controllers\Admin\MainPage.php(2793): CodeIgniter\Database\BaseBuilder->get()
#5 D:\xampp\htdocs\circuit\system\CodeIgniter.php(933): App\Controllers\Admin\MainPage->getPortfolioShowcase()
#6 D:\xampp\htdocs\circuit\system\CodeIgniter.php(509): CodeIgniter\CodeIgniter->runController(Object(App\Controllers\Admin\MainPage))
#7 D:\xampp\htdocs\circuit\system\CodeIgniter.php(355): CodeIgniter\CodeIgniter->handleRequest(NULL, Object(Config\Cache), false)
#8 D:\xampp\htdocs\circuit\system\Boot.php(325): CodeIgniter\CodeIgniter->run()
#9 D:\xampp\htdocs\circuit\system\Boot.php(67): CodeIgniter\Boot::runCodeIgniter(Object(CodeIgniter\CodeIgniter))
#10 D:\xampp\htdocs\circuit\index.php(56): CodeIgniter\Boot::bootWeb(Object(Config\Paths))
#11 {main}
CRITICAL - 2026-04-22 10:35:03 --> Error: Call to a member function getResultArray() on bool
[Method: POST, Route: circuit-manage/api/getPortfolioShowcase]
in APPPATH\Controllers\Admin\MainPage.php on line 2793.
 1 SYSTEMPATH\CodeIgniter.php(933): App\Controllers\Admin\MainPage->getPortfolioShowcase()
 2 SYSTEMPATH\CodeIgniter.php(509): CodeIgniter\CodeIgniter->runController(Object(App\Controllers\Admin\MainPage))
 3 SYSTEMPATH\CodeIgniter.php(355): CodeIgniter\CodeIgniter->handleRequest(null, Object(Config\Cache), false)
 4 SYSTEMPATH\Boot.php(325): CodeIgniter\CodeIgniter->run()
 5 SYSTEMPATH\Boot.php(67): CodeIgniter\Boot::runCodeIgniter(Object(CodeIgniter\CodeIgniter))
 6 FCPATH\index.php(56): CodeIgniter\Boot::bootWeb(Object(Config\Paths))
ERROR - 2026-04-22 10:36:04 --> mysqli_sql_exception: Table 'circuitbrilliance_db.web_portfolio_showcase' doesn't exist in D:\xampp\htdocs\circuit\system\Database\MySQLi\Connection.php:312
Stack trace:
#0 D:\xampp\htdocs\circuit\system\Database\MySQLi\Connection.php(312): mysqli->query('SELECT *\nFROM `...', 0)
#1 D:\xampp\htdocs\circuit\system\Database\BaseConnection.php(734): CodeIgniter\Database\MySQLi\Connection->execute('SELECT *\nFROM `...')
#2 D:\xampp\htdocs\circuit\system\Database\BaseConnection.php(648): CodeIgniter\Database\BaseConnection->simpleQuery('SELECT *\nFROM `...')
#3 D:\xampp\htdocs\circuit\system\Database\BaseBuilder.php(1644): CodeIgniter\Database\BaseConnection->query('SELECT *\nFROM `...', Array, false)
#4 D:\xampp\htdocs\circuit\app\Controllers\Home.php(380): CodeIgniter\Database\BaseBuilder->get()
#5 D:\xampp\htdocs\circuit\system\CodeIgniter.php(933): App\Controllers\Home->pageportfolio()
#6 D:\xampp\htdocs\circuit\system\CodeIgniter.php(509): CodeIgniter\CodeIgniter->runController(Object(App\Controllers\Home))
#7 D:\xampp\htdocs\circuit\system\CodeIgniter.php(355): CodeIgniter\CodeIgniter->handleRequest(NULL, Object(Config\Cache), false)
#8 D:\xampp\htdocs\circuit\system\Boot.php(325): CodeIgniter\CodeIgniter->run()
#9 D:\xampp\htdocs\circuit\system\Boot.php(67): CodeIgniter\Boot::runCodeIgniter(Object(CodeIgniter\CodeIgniter))
#10 D:\xampp\htdocs\circuit\index.php(56): CodeIgniter\Boot::bootWeb(Object(Config\Paths))
#11 {main}
CRITICAL - 2026-04-22 10:36:04 --> Error: Call to a member function getResultArray() on bool
[Method: GET, Route: portfolio.php]
in APPPATH\Controllers\Home.php on line 380.
 1 SYSTEMPATH\CodeIgniter.php(933): App\Controllers\Home->pageportfolio()
 2 SYSTEMPATH\CodeIgniter.php(509): CodeIgniter\CodeIgniter->runController(Object(App\Controllers\Home))
 3 SYSTEMPATH\CodeIgniter.php(355): CodeIgniter\CodeIgniter->handleRequest(null, Object(Config\Cache), false)
 4 SYSTEMPATH\Boot.php(325): CodeIgniter\CodeIgniter->run()
 5 SYSTEMPATH\Boot.php(67): CodeIgniter\Boot::runCodeIgniter(Object(CodeIgniter\CodeIgniter))
 6 FCPATH\index.php(56): CodeIgniter\Boot::bootWeb(Object(Config\Paths))
CRITICAL - 2026-04-22 10:46:01 --> ParseError: syntax error, unexpected end of file
[Method: GET, Route: portfolio.php]
in APPPATH\Views\frontent\portfolio.php on line 319.
 1 SYSTEMPATH\View\View.php(237): CodeIgniter\View\View->CodeIgniter\View\{closure}()
 2 SYSTEMPATH\Common.php(1171): CodeIgniter\View\View->render('frontent/portfolio', [], true)
 3 APPPATH\Controllers\Home.php(392): view('frontent/portfolio', [...])
 4 SYSTEMPATH\CodeIgniter.php(933): App\Controllers\Home->pageportfolio()
 5 SYSTEMPATH\CodeIgniter.php(509): CodeIgniter\CodeIgniter->runController(Object(App\Controllers\Home))
 6 SYSTEMPATH\CodeIgniter.php(355): CodeIgniter\CodeIgniter->handleRequest(null, Object(Config\Cache), false)
 7 SYSTEMPATH\Boot.php(325): CodeIgniter\CodeIgniter->run()
 8 SYSTEMPATH\Boot.php(67): CodeIgniter\Boot::runCodeIgniter(Object(CodeIgniter\CodeIgniter))
 9 FCPATH\index.php(56): CodeIgniter\Boot::bootWeb(Object(Config\Paths))
CRITICAL - 2026-04-22 10:46:05 --> ParseError: syntax error, unexpected end of file
[Method: GET, Route: portfolio.php]
in APPPATH\Views\frontent\portfolio.php on line 319.
 1 SYSTEMPATH\View\View.php(237): CodeIgniter\View\View->CodeIgniter\View\{closure}()
 2 SYSTEMPATH\Common.php(1171): CodeIgniter\View\View->render('frontent/portfolio', [], true)
 3 APPPATH\Controllers\Home.php(392): view('frontent/portfolio', [...])
 4 SYSTEMPATH\CodeIgniter.php(933): App\Controllers\Home->pageportfolio()
 5 SYSTEMPATH\CodeIgniter.php(509): CodeIgniter\CodeIgniter->runController(Object(App\Controllers\Home))
 6 SYSTEMPATH\CodeIgniter.php(355): CodeIgniter\CodeIgniter->handleRequest(null, Object(Config\Cache), false)
 7 SYSTEMPATH\Boot.php(325): CodeIgniter\CodeIgniter->run()
 8 SYSTEMPATH\Boot.php(67): CodeIgniter\Boot::runCodeIgniter(Object(CodeIgniter\CodeIgniter))
 9 FCPATH\index.php(56): CodeIgniter\Boot::bootWeb(Object(Config\Paths))
CRITICAL - 2026-04-22 10:46:39 --> ParseError: syntax error, unexpected end of file
[Method: GET, Route: portfolio.php]
in APPPATH\Views\frontent\portfolio.php on line 319.
 1 SYSTEMPATH\View\View.php(237): CodeIgniter\View\View->CodeIgniter\View\{closure}()
 2 SYSTEMPATH\Common.php(1171): CodeIgniter\View\View->render('frontent/portfolio', [], true)
 3 APPPATH\Controllers\Home.php(392): view('frontent/portfolio', [...])
 4 SYSTEMPATH\CodeIgniter.php(933): App\Controllers\Home->pageportfolio()
 5 SYSTEMPATH\CodeIgniter.php(509): CodeIgniter\CodeIgniter->runController(Object(App\Controllers\Home))
 6 SYSTEMPATH\CodeIgniter.php(355): CodeIgniter\CodeIgniter->handleRequest(null, Object(Config\Cache), false)
 7 SYSTEMPATH\Boot.php(325): CodeIgniter\CodeIgniter->run()
 8 SYSTEMPATH\Boot.php(67): CodeIgniter\Boot::runCodeIgniter(Object(CodeIgniter\CodeIgniter))
 9 FCPATH\index.php(56): CodeIgniter\Boot::bootWeb(Object(Config\Paths))
CRITICAL - 2026-04-22 15:16:31 --> Error: Call to undefined function App\Controllers\Admin\breadcrumb()
[Method: GET, Route: circuit-manage/planned-showcase-manage]
in APPPATH\Controllers\Admin\MainPage.php on line 2910.
 1 SYSTEMPATH\CodeIgniter.php(933): App\Controllers\Admin\MainPage->pagePlannedShowcase()
 2 SYSTEMPATH\CodeIgniter.php(509): CodeIgniter\CodeIgniter->runController(Object(App\Controllers\Admin\MainPage))
 3 SYSTEMPATH\CodeIgniter.php(355): CodeIgniter\CodeIgniter->handleRequest(null, Object(Config\Cache), false)
 4 SYSTEMPATH\Boot.php(325): CodeIgniter\CodeIgniter->run()
 5 SYSTEMPATH\Boot.php(67): CodeIgniter\Boot::runCodeIgniter(Object(CodeIgniter\CodeIgniter))
 6 FCPATH\index.php(56): CodeIgniter\Boot::bootWeb(Object(Config\Paths))
CRITICAL - 2026-04-22 15:16:35 --> Error: Call to undefined function App\Controllers\Admin\breadcrumb()
[Method: GET, Route: circuit-manage/planned-showcase-manage]
in APPPATH\Controllers\Admin\MainPage.php on line 2910.
 1 SYSTEMPATH\CodeIgniter.php(933): App\Controllers\Admin\MainPage->pagePlannedShowcase()
 2 SYSTEMPATH\CodeIgniter.php(509): CodeIgniter\CodeIgniter->runController(Object(App\Controllers\Admin\MainPage))
 3 SYSTEMPATH\CodeIgniter.php(355): CodeIgniter\CodeIgniter->handleRequest(null, Object(Config\Cache), false)
 4 SYSTEMPATH\Boot.php(325): CodeIgniter\CodeIgniter->run()
 5 SYSTEMPATH\Boot.php(67): CodeIgniter\Boot::runCodeIgniter(Object(CodeIgniter\CodeIgniter))
 6 FCPATH\index.php(56): CodeIgniter\Boot::bootWeb(Object(Config\Paths))
